Using pre-set license

 COMMAND LINE ARGUMENTS:
/Users/haydenzamora/Documents/git/2020.2.1f1/Unity.app/Contents/MacOS/Unity
-adb2
-batchMode
-noUpm
-name
AssetImportWorker0
-projectPath
/Users/haydenzamora/Documents/racing-game/Racing-Game
-logFile
Logs/AssetImportWorker0.log
-srvPort
49485
Successfully changed project path to: /Users/haydenzamora/Documents/racing-game/Racing-Game
/Users/haydenzamora/Documents/racing-game/Racing-Game
Using Asset Import Pipeline V2.
Refreshing native plugins compatible for Editor in 253.21 ms, found 1 plugins.
Preloading 0 native plugins for Editor in 0.00 ms.
Initialize engine version: 2020.2.1f1 (270dd8c3da1c)
[Subsystems] Discovering subsystems at path /Users/haydenzamora/Documents/git/2020.2.1f1/Unity.app/Contents/Resources/UnitySubsystems
[Subsystems] Discovering subsystems at path /Users/haydenzamora/Documents/racing-game/Racing-Game/Assets
GfxDevice: creating device client; threaded=0
2021-07-27 12:54:38.918 Unity[2897:15449] DELL E2311H preferred device: NVIDIA GeForce GT 750M (high power)
2021-07-27 12:54:38.918 Unity[2897:15449] Metal devices available: 2
2021-07-27 12:54:38.918 Unity[2897:15449] 0: NVIDIA GeForce GT 750M (high power)
2021-07-27 12:54:38.918 Unity[2897:15449] 1: Intel Iris Pro Graphics (low power)
2021-07-27 12:54:38.921 Unity[2897:15449] Using device NVIDIA GeForce GT 750M (high power)
Initializing Metal device caps: NVIDIA GeForce GT 750M
Initialize mono
Mono path[0] = '/Users/haydenzamora/Documents/git/2020.2.1f1/Unity.app/Contents/Managed'
Mono path[1] = '/Users/haydenzamora/Documents/git/2020.2.1f1/Unity.app/Contents/MonoBleedingEdge/lib/mono/unityjit'
Mono config path = '/Users/haydenzamora/Documents/git/2020.2.1f1/Unity.app/Contents/MonoBleedingEdge/etc'
Using monoOptions --debugger-agent=transport=dt_socket,embedding=1,server=y,suspend=n,address=127.0.0.1:56897
Begin MonoManager ReloadAssembly
Registering precompiled unity dll's ...
Register platform support module: /Users/haydenzamora/Documents/git/2020.2.1f1/Unity.app/Contents/PlaybackEngines/MacStandaloneSupport/UnityEditor.OSXStandalone.Extensions.dll
Registered in 0.003634 seconds.
Native extension for OSXStandalone target not found
Refreshing native plugins compatible for Editor in 325.20 ms, found 1 plugins.
Preloading 0 native plugins for Editor in 0.00 ms.
Invoked RoslynAnalysisRunner static constructor.
RoslynAnalysisRunner will not be running.
RoslynAnalysisRunner has terminated.
Mono: successfully reloaded assembly
- Completed reload, in 12.838 seconds
Platform modules already initialized, skipping
Registering precompiled user dll's ...
Registered in 0.007093 seconds.
Begin MonoManager ReloadAssembly
Native extension for OSXStandalone target not found
Refreshing native plugins compatible for Editor in 0.73 ms, found 1 plugins.
Preloading 0 native plugins for Editor in 0.00 ms.
