Using pre-set license

 COMMAND LINE ARGUMENTS:
/Users/haydenzamora/Documents/git/2020.2.1f1/Unity.app/Contents/MacOS/Unity
-adb2
-batchMode
-noUpm
-name
AssetImportWorker0
-projectPath
/Users/haydenzamora/Documents/racing-game/Racing-Game
-logFile
Logs/AssetImportWorker0.log
-srvPort
50872
Successfully changed project path to: /Users/haydenzamora/Documents/racing-game/Racing-Game
/Users/haydenzamora/Documents/racing-game/Racing-Game
Using Asset Import Pipeline V2.
Refreshing native plugins compatible for Editor in 162.03 ms, found 1 plugins.
Preloading 0 native plugins for Editor in 0.00 ms.
Initialize engine version: 2020.2.1f1 (270dd8c3da1c)
[Subsystems] Discovering subsystems at path /Users/haydenzamora/Documents/git/2020.2.1f1/Unity.app/Contents/Resources/UnitySubsystems
[Subsystems] Discovering subsystems at path /Users/haydenzamora/Documents/racing-game/Racing-Game/Assets
GfxDevice: creating device client; threaded=0
2021-07-26 15:54:58.490 Unity[4091:134467] DELL E2311H preferred device: NVIDIA GeForce GT 750M (high power)
2021-07-26 15:54:58.491 Unity[4091:134467] Metal devices available: 2
2021-07-26 15:54:58.491 Unity[4091:134467] 0: NVIDIA GeForce GT 750M (high power)
2021-07-26 15:54:58.491 Unity[4091:134467] 1: Intel Iris Pro Graphics (low power)
2021-07-26 15:54:58.494 Unity[4091:134467] Using device NVIDIA GeForce GT 750M (high power)
Initializing Metal device caps: NVIDIA GeForce GT 750M
Initialize mono
Mono path[0] = '/Users/haydenzamora/Documents/git/2020.2.1f1/Unity.app/Contents/Managed'
Mono path[1] = '/Users/haydenzamora/Documents/git/2020.2.1f1/Unity.app/Contents/MonoBleedingEdge/lib/mono/unityjit'
Mono config path = '/Users/haydenzamora/Documents/git/2020.2.1f1/Unity.app/Contents/MonoBleedingEdge/etc'
Using monoOptions --debugger-agent=transport=dt_socket,embedding=1,server=y,suspend=n,address=127.0.0.1:56091
Begin MonoManager ReloadAssembly
Registering precompiled unity dll's ...
Register platform support module: /Users/haydenzamora/Documents/git/2020.2.1f1/Unity.app/Contents/PlaybackEngines/MacStandaloneSupport/UnityEditor.OSXStandalone.Extensions.dll
Registered in 0.002379 seconds.
Native extension for OSXStandalone target not found
Refreshing native plugins compatible for Editor in 168.87 ms, found 1 plugins.
Preloading 0 native plugins for Editor in 0.00 ms.
Invoked RoslynAnalysisRunner static constructor.
RoslynAnalysisRunner will not be running.
RoslynAnalysisRunner has terminated.
Mono: successfully reloaded assembly
- Completed reload, in  9.647 seconds
Platform modules already initialized, skipping
Registering precompiled user dll's ...
Registered in 0.001799 seconds.
Begin MonoManager ReloadAssembly
Native extension for OSXStandalone target not found
Refreshing native plugins compatible for Editor in 1.17 ms, found 1 plugins.
Preloading 0 native plugins for Editor in 0.00 ms.
Invoked RoslynAnalysisRunner static constructor.
RoslynAnalysisRunner will not be running.
RoslynAnalysisRunner has terminated.
Mono: successfully reloaded assembly
- Completed reload, in  7.439 seconds
Platform modules already initialized, skipping
========================================================================
Worker process is ready to serve import requests
Launching external process: /Users/haydenzamora/Documents/git/2020.2.1f1/Unity.app/Contents/Tools/UnityShaderCompiler
Launched and connected shader compiler UnityShaderCompiler after 0.05 seconds
Refreshing native plugins compatible for Editor in 0.93 ms, found 1 plugins.
Preloading 0 native plugins for Editor in 0.00 ms.
Unloading 1244 Unused Serialized files (Serialized files now loaded: 0)
System memory in use before: 117.2 MB.
System memory in use after: 117.2 MB.

Unloading 11 unused Assets to reduce memory usage. Loaded Objects now: 1690.
Total: 9.111202 ms (FindLiveObjects: 0.458528 ms CreateObjectMapping: 0.250625 ms MarkObjects: 8.057243 ms  DeleteObjects: 0.339484 ms)

========================================================================
Received Import Request.
  path: Assets/Materials/FinishLine.mat
  artifactKey: Guid(a7bb88c6539d34fec827dd5feca1d5ce) Importer(815301076,1909f56bfc062723c751e8b465ee728b)
Start importing Assets/Materials/FinishLine.mat using Guid(a7bb88c6539d34fec827dd5feca1d5ce) Importer(815301076,1909f56bfc062723c751e8b465ee728b)  -> (artifact id: '9e8408fb6e6eb8025eb11513b2d21142') in 3.903293 seconds
  Import took 3.917712 seconds .

========================================================================
Received Prepare
Registering precompiled user dll's ...
Registered in 0.002213 seconds.
Begin MonoManager ReloadAssembly
Native extension for OSXStandalone target not found
Refreshing native plugins compatible for Editor in 0.74 ms, found 1 plugins.
Preloading 0 native plugins for Editor in 0.00 ms.
Invoked RoslynAnalysisRunner static constructor.
RoslynAnalysisRunner will not be running.
RoslynAnalysisRunner has terminated.
Mono: successfully reloaded assembly
- Completed reload, in  5.761 seconds
Platform modules already initialized, skipping
Refreshing native plugins compatible for Editor in 0.69 ms, found 1 plugins.
Preloading 0 native plugins for Editor in 0.00 ms.
Unloading 1239 Unused Serialized files (Serialized files now loaded: 0)
System memory in use before: 126.5 MB.
System memory in use after: 126.6 MB.

Unloading 8 unused Assets to reduce memory usage. Loaded Objects now: 1733.
Total: 7.168185 ms (FindLiveObjects: 1.026666 ms CreateObjectMapping: 0.235379 ms MarkObjects: 5.720752 ms  DeleteObjects: 0.180573 ms)

========================================================================
Received Prepare
Registering precompiled user dll's ...
Registered in 0.001467 seconds.
Begin MonoManager ReloadAssembly
Native extension for OSXStandalone target not found
Refreshing native plugins compatible for Editor in 0.73 ms, found 1 plugins.
Preloading 0 native plugins for Editor in 0.00 ms.
Invoked RoslynAnalysisRunner static constructor.
RoslynAnalysisRunner will not be running.
RoslynAnalysisRunner has terminated.
Mono: successfully reloaded assembly
- Completed reload, in  4.683 seconds
Platform modules already initialized, skipping
Refreshing native plugins compatible for Editor in 0.69 ms, found 1 plugins.
Preloading 0 native plugins for Editor in 0.00 ms.
Unloading 1238 Unused Serialized files (Serialized files now loaded: 0)
System memory in use before: 126.6 MB.
System memory in use after: 126.7 MB.

Unloading 6 unused Assets to reduce memory usage. Loaded Objects now: 1735.
Total: 6.765956 ms (FindLiveObjects: 0.570488 ms CreateObjectMapping: 0.218063 ms MarkObjects: 5.731156 ms  DeleteObjects: 0.241839 ms)

========================================================================
Received Import Request.
  Time since last request: 338.390530 seconds.
  path: Assets/Scripts/FinishLIneScripts/FinishLine.cs
  artifactKey: Guid(5f849fb1d13284ef1a4f4eb86e4fea44) Importer(815301076,1909f56bfc062723c751e8b465ee728b)
Start importing Assets/Scripts/FinishLIneScripts/FinishLine.cs using Guid(5f849fb1d13284ef1a4f4eb86e4fea44) Importer(815301076,1909f56bfc062723c751e8b465ee728b)  -> (artifact id: 'cf8ff89a58b2b5e78db9d0059b5f8096') in 1.578225 seconds
  Import took 1.586894 seconds .

========================================================================
Received Prepare
Registering precompiled user dll's ...
Registered in 0.001401 seconds.
Begin MonoManager ReloadAssembly
Native extension for OSXStandalone target not found
Refreshing native plugins compatible for Editor in 0.74 ms, found 1 plugins.
Preloading 0 native plugins for Editor in 0.00 ms.
Invoked RoslynAnalysisRunner static constructor.
RoslynAnalysisRunner will not be running.
RoslynAnalysisRunner has terminated.
Mono: successfully reloaded assembly
- Completed reload, in  4.565 seconds
Platform modules already initialized, skipping
Refreshing native plugins compatible for Editor in 0.88 ms, found 1 plugins.
Preloading 0 native plugins for Editor in 0.00 ms.
Unloading 1238 Unused Serialized files (Serialized files now loaded: 0)
System memory in use before: 131.0 MB.
System memory in use after: 131.1 MB.

Unloading 6 unused Assets to reduce memory usage. Loaded Objects now: 1737.
Total: 7.926672 ms (FindLiveObjects: 0.584956 ms CreateObjectMapping: 0.215863 ms MarkObjects: 6.722716 ms  DeleteObjects: 0.397674 ms)

========================================================================
Received Import Request.
  Time since last request: 285.801837 seconds.
  path: Assets/Scripts/FinishLIneScripts/FinishLine.cs
  artifactKey: Guid(5f849fb1d13284ef1a4f4eb86e4fea44) Importer(815301076,1909f56bfc062723c751e8b465ee728b)
Start importing Assets/Scripts/FinishLIneScripts/FinishLine.cs using Guid(5f849fb1d13284ef1a4f4eb86e4fea44) Importer(815301076,1909f56bfc062723c751e8b465ee728b)  -> (artifact id: 'd6c33546d9e32e11b0bc7aa1fa3d27e0') in 0.020128 seconds
  Import took 0.027921 seconds .

========================================================================
Received Import Request.
  Time since last request: 0.019238 seconds.
  path: Assets/Scripts/FinishLIneScripts/FinishLine.cs
  artifactKey: Guid(5f849fb1d13284ef1a4f4eb86e4fea44) Importer(815301076,1909f56bfc062723c751e8b465ee728b)
Start importing Assets/Scripts/FinishLIneScripts/FinishLine.cs using Guid(5f849fb1d13284ef1a4f4eb86e4fea44) Importer(815301076,1909f56bfc062723c751e8b465ee728b)  -> (artifact id: 'd6c33546d9e32e11b0bc7aa1fa3d27e0') in 0.012066 seconds
  Import took 0.019598 seconds .

========================================================================
Received Prepare
Registering precompiled user dll's ...
Registered in 0.001380 seconds.
Begin MonoManager ReloadAssembly
Native extension for OSXStandalone target not found
Refreshing native plugins compatible for Editor in 0.72 ms, found 1 plugins.
Preloading 0 native plugins for Editor in 0.00 ms.
Invoked RoslynAnalysisRunner static constructor.
RoslynAnalysisRunner will not be running.
RoslynAnalysisRunner has terminated.
Mono: successfully reloaded assembly
- Completed reload, in  4.707 seconds
Platform modules already initialized, skipping
Refreshing native plugins compatible for Editor in 0.87 ms, found 1 plugins.
Preloading 0 native plugins for Editor in 0.00 ms.
Unloading 1238 Unused Serialized files (Serialized files now loaded: 0)
System memory in use before: 131.2 MB.
System memory in use after: 131.3 MB.

Unloading 6 unused Assets to reduce memory usage. Loaded Objects now: 1739.
Total: 7.277567 ms (FindLiveObjects: 0.506695 ms CreateObjectMapping: 0.208005 ms MarkObjects: 6.399810 ms  DeleteObjects: 0.154287 ms)

========================================================================
Received Import Request.
  Time since last request: 169.160725 seconds.
  path: Assets/Scripts/FinishLIneScripts/FinishLine.cs
  artifactKey: Guid(5f849fb1d13284ef1a4f4eb86e4fea44) Importer(815301076,1909f56bfc062723c751e8b465ee728b)
Start importing Assets/Scripts/FinishLIneScripts/FinishLine.cs using Guid(5f849fb1d13284ef1a4f4eb86e4fea44) Importer(815301076,1909f56bfc062723c751e8b465ee728b)  -> (artifact id: 'dafbd8dfe394cae4ae1406677f54bb09') in 0.023259 seconds
  Import took 0.033073 seconds .

========================================================================
Received Prepare
Registering precompiled user dll's ...
Registered in 0.001466 seconds.
Begin MonoManager ReloadAssembly
Native extension for OSXStandalone target not found
Refreshing native plugins compatible for Editor in 0.77 ms, found 1 plugins.
Preloading 0 native plugins for Editor in 0.00 ms.
Invoked RoslynAnalysisRunner static constructor.
RoslynAnalysisRunner will not be running.
RoslynAnalysisRunner has terminated.
Mono: successfully reloaded assembly
- Completed reload, in  4.374 seconds
Platform modules already initialized, skipping
Refreshing native plugins compatible for Editor in 0.70 ms, found 1 plugins.
Preloading 0 native plugins for Editor in 0.00 ms.
Unloading 1238 Unused Serialized files (Serialized files now loaded: 0)
System memory in use before: 131.4 MB.
System memory in use after: 131.4 MB.

Unloading 6 unused Assets to reduce memory usage. Loaded Objects now: 1741.
Total: 6.034927 ms (FindLiveObjects: 0.588524 ms CreateObjectMapping: 0.174328 ms MarkObjects: 5.117418 ms  DeleteObjects: 0.150182 ms)

========================================================================
Received Prepare
Registering precompiled user dll's ...
Registered in 0.001436 seconds.
Begin MonoManager ReloadAssembly
Native extension for OSXStandalone target not found
Refreshing native plugins compatible for Editor in 0.68 ms, found 1 plugins.
Preloading 0 native plugins for Editor in 0.00 ms.
Invoked RoslynAnalysisRunner static constructor.
RoslynAnalysisRunner will not be running.
RoslynAnalysisRunner has terminated.
Mono: successfully reloaded assembly
- Completed reload, in  4.484 seconds
Platform modules already initialized, skipping
Refreshing native plugins compatible for Editor in 0.71 ms, found 1 plugins.
Preloading 0 native plugins for Editor in 0.00 ms.
Unloading 1238 Unused Serialized files (Serialized files now loaded: 0)
System memory in use before: 131.5 MB.
System memory in use after: 131.6 MB.

Unloading 6 unused Assets to reduce memory usage. Loaded Objects now: 1743.
Total: 5.962540 ms (FindLiveObjects: 0.589928 ms CreateObjectMapping: 0.170599 ms MarkObjects: 5.052183 ms  DeleteObjects: 0.145436 ms)

========================================================================
Received Prepare
Registering precompiled user dll's ...
Registered in 0.001511 seconds.
Begin MonoManager ReloadAssembly
Native extension for OSXStandalone target not found
Refreshing native plugins compatible for Editor in 0.74 ms, found 1 plugins.
Preloading 0 native plugins for Editor in 0.00 ms.
Invoked RoslynAnalysisRunner static constructor.
RoslynAnalysisRunner will not be running.
RoslynAnalysisRunner has terminated.
Mono: successfully reloaded assembly
- Completed reload, in  4.630 seconds
Platform modules already initialized, skipping
Refreshing native plugins compatible for Editor in 0.72 ms, found 1 plugins.
Preloading 0 native plugins for Editor in 0.00 ms.
Unloading 1238 Unused Serialized files (Serialized files now loaded: 0)
System memory in use before: 131.7 MB.
System memory in use after: 131.8 MB.

Unloading 6 unused Assets to reduce memory usage. Loaded Objects now: 1745.
Total: 5.735867 ms (FindLiveObjects: 0.572021 ms CreateObjectMapping: 0.167392 ms MarkObjects: 4.841607 ms  DeleteObjects: 0.150237 ms)

========================================================================
Received Import Request.
  Time since last request: 2071.491426 seconds.
  path: Assets/Scripts/GameCleaner.cs
  artifactKey: Guid(4c40fb741b3f94a05910c60d8a928069) Importer(815301076,1909f56bfc062723c751e8b465ee728b)
Start importing Assets/Scripts/GameCleaner.cs using Guid(4c40fb741b3f94a05910c60d8a928069) Importer(815301076,1909f56bfc062723c751e8b465ee728b)  -> (artifact id: '618c7d1c1c9f22f91a1002cb95f823e2') in 0.043624 seconds
  Import took 0.061570 seconds .

========================================================================
Received Prepare
Registering precompiled user dll's ...
Registered in 0.001437 seconds.
Begin MonoManager ReloadAssembly
Native extension for OSXStandalone target not found
Refreshing native plugins compatible for Editor in 0.71 ms, found 1 plugins.
Preloading 0 native plugins for Editor in 0.00 ms.
Invoked RoslynAnalysisRunner static constructor.
RoslynAnalysisRunner will not be running.
RoslynAnalysisRunner has terminated.
Mono: successfully reloaded assembly
- Completed reload, in  5.030 seconds
Platform modules already initialized, skipping
Refreshing native plugins compatible for Editor in 0.71 ms, found 1 plugins.
Preloading 0 native plugins for Editor in 0.00 ms.
Unloading 1239 Unused Serialized files (Serialized files now loaded: 0)
System memory in use before: 131.9 MB.
System memory in use after: 132.0 MB.

Unloading 6 unused Assets to reduce memory usage. Loaded Objects now: 1748.
Total: 6.862379 ms (FindLiveObjects: 0.972876 ms CreateObjectMapping: 0.264956 ms MarkObjects: 5.453525 ms  DeleteObjects: 0.166404 ms)

========================================================================
Received Import Request.
  Time since last request: 176.786859 seconds.
  path: Assets/Scripts/GameCleaner.cs
  artifactKey: Guid(4c40fb741b3f94a05910c60d8a928069) Importer(815301076,1909f56bfc062723c751e8b465ee728b)
Start importing Assets/Scripts/GameCleaner.cs using Guid(4c40fb741b3f94a05910c60d8a928069) Importer(815301076,1909f56bfc062723c751e8b465ee728b)  -> (artifact id: '90e51a26e1929f36bbcb2d3b2f9a56b0') in 0.025505 seconds
  Import took 0.036084 seconds .

========================================================================
Received Import Request.
  Time since last request: 11.496775 seconds.
  path: Assets/Scenes/SampleScene.unity
  artifactKey: Guid(9fc0d4010bbf28b4594072e72b8655ab) Importer(815301076,1909f56bfc062723c751e8b465ee728b)
Start importing Assets/Scenes/SampleScene.unity using Guid(9fc0d4010bbf28b4594072e72b8655ab) Importer(815301076,1909f56bfc062723c751e8b465ee728b)  -> (artifact id: '00a5c941e8bb559aeda1dc86f4250108') in 0.042182 seconds
  Import took 0.049598 seconds .

========================================================================
Received Import Request.
  Time since last request: 30.566967 seconds.
  path: Assets/Scenes/SampleScene.unity
  artifactKey: Guid(9fc0d4010bbf28b4594072e72b8655ab) Importer(815301076,1909f56bfc062723c751e8b465ee728b)
Start importing Assets/Scenes/SampleScene.unity using Guid(9fc0d4010bbf28b4594072e72b8655ab) Importer(815301076,1909f56bfc062723c751e8b465ee728b)  -> (artifact id: 'd1c1923c6d1d93bceee269c3e8efa229') in 0.007405 seconds
  Import took 0.015366 seconds .

========================================================================
Received Prepare
Registering precompiled user dll's ...
Registered in 0.001449 seconds.
Begin MonoManager ReloadAssembly
Native extension for OSXStandalone target not found
Refreshing native plugins compatible for Editor in 0.72 ms, found 1 plugins.
Preloading 0 native plugins for Editor in 0.00 ms.
Invoked RoslynAnalysisRunner static constructor.
RoslynAnalysisRunner will not be running.
RoslynAnalysisRunner has terminated.
Mono: successfully reloaded assembly
- Completed reload, in  4.349 seconds
Platform modules already initialized, skipping
Refreshing native plugins compatible for Editor in 0.70 ms, found 1 plugins.
Preloading 0 native plugins for Editor in 0.00 ms.
Unloading 1239 Unused Serialized files (Serialized files now loaded: 0)
System memory in use before: 132.1 MB.
System memory in use after: 132.2 MB.

Unloading 6 unused Assets to reduce memory usage. Loaded Objects now: 1750.
Total: 6.131375 ms (FindLiveObjects: 0.589863 ms CreateObjectMapping: 0.175239 ms MarkObjects: 5.207827 ms  DeleteObjects: 0.154537 ms)

========================================================================
Received Prepare
Registering precompiled user dll's ...
Registered in 0.001952 seconds.
Begin MonoManager ReloadAssembly
Native extension for OSXStandalone target not found
Refreshing native plugins compatible for Editor in 0.85 ms, found 1 plugins.
Preloading 0 native plugins for Editor in 0.00 ms.
Invoked RoslynAnalysisRunner static constructor.
RoslynAnalysisRunner will not be running.
RoslynAnalysisRunner has terminated.
Mono: successfully reloaded assembly
- Completed reload, in  4.850 seconds
Platform modules already initialized, skipping
Refreshing native plugins compatible for Editor in 0.68 ms, found 1 plugins.
Preloading 0 native plugins for Editor in 0.00 ms.
Unloading 1239 Unused Serialized files (Serialized files now loaded: 0)
System memory in use before: 132.3 MB.
System memory in use after: 132.3 MB.

Unloading 6 unused Assets to reduce memory usage. Loaded Objects now: 1752.
Total: 6.292428 ms (FindLiveObjects: 0.571224 ms CreateObjectMapping: 0.176517 ms MarkObjects: 5.384405 ms  DeleteObjects: 0.155780 ms)

========================================================================
Received Prepare
Registering precompiled user dll's ...
Registered in 0.001917 seconds.
Begin MonoManager ReloadAssembly
Native extension for OSXStandalone target not found
Refreshing native plugins compatible for Editor in 0.98 ms, found 1 plugins.
Preloading 0 native plugins for Editor in 0.00 ms.
Invoked RoslynAnalysisRunner static constructor.
RoslynAnalysisRunner will not be running.
RoslynAnalysisRunner has terminated.
Mono: successfully reloaded assembly
- Completed reload, in  4.959 seconds
Platform modules already initialized, skipping
Refreshing native plugins compatible for Editor in 1.07 ms, found 1 plugins.
Preloading 0 native plugins for Editor in 0.00 ms.
Unloading 1239 Unused Serialized files (Serialized files now loaded: 0)
System memory in use before: 132.4 MB.
System memory in use after: 132.5 MB.

Unloading 6 unused Assets to reduce memory usage. Loaded Objects now: 1754.
Total: 6.862334 ms (FindLiveObjects: 0.573525 ms CreateObjectMapping: 0.236566 ms MarkObjects: 5.893787 ms  DeleteObjects: 0.153424 ms)

========================================================================
Received Prepare
Registering precompiled user dll's ...
Registered in 0.001534 seconds.
Begin MonoManager ReloadAssembly
Native extension for OSXStandalone target not found
Refreshing native plugins compatible for Editor in 0.70 ms, found 1 plugins.
Preloading 0 native plugins for Editor in 0.00 ms.
Invoked RoslynAnalysisRunner static constructor.
RoslynAnalysisRunner will not be running.
RoslynAnalysisRunner has terminated.
Mono: successfully reloaded assembly
- Completed reload, in  4.461 seconds
Platform modules already initialized, skipping
Refreshing native plugins compatible for Editor in 0.71 ms, found 1 plugins.
Preloading 0 native plugins for Editor in 0.00 ms.
Unloading 1239 Unused Serialized files (Serialized files now loaded: 0)
System memory in use before: 132.6 MB.
System memory in use after: 132.7 MB.

Unloading 6 unused Assets to reduce memory usage. Loaded Objects now: 1756.
Total: 6.061344 ms (FindLiveObjects: 0.526571 ms CreateObjectMapping: 0.167241 ms MarkObjects: 5.208013 ms  DeleteObjects: 0.154642 ms)

========================================================================
Received Prepare
Registering precompiled user dll's ...
Registered in 0.001469 seconds.
Begin MonoManager ReloadAssembly
Native extension for OSXStandalone target not found
Refreshing native plugins compatible for Editor in 0.73 ms, found 1 plugins.
Preloading 0 native plugins for Editor in 0.00 ms.
Invoked RoslynAnalysisRunner static constructor.
RoslynAnalysisRunner will not be running.
RoslynAnalysisRunner has terminated.
Mono: successfully reloaded assembly
- Completed reload, in  4.883 seconds
Platform modules already initialized, skipping
Refreshing native plugins compatible for Editor in 0.71 ms, found 1 plugins.
Preloading 0 native plugins for Editor in 0.00 ms.
Unloading 1239 Unused Serialized files (Serialized files now loaded: 0)
System memory in use before: 132.8 MB.
System memory in use after: 132.9 MB.

Unloading 6 unused Assets to reduce memory usage. Loaded Objects now: 1758.
Total: 8.834944 ms (FindLiveObjects: 0.598045 ms CreateObjectMapping: 0.173751 ms MarkObjects: 7.850466 ms  DeleteObjects: 0.208141 ms)

========================================================================
Received Prepare
Registering precompiled user dll's ...
Registered in 0.001441 seconds.
Begin MonoManager ReloadAssembly
Native extension for OSXStandalone target not found
Refreshing native plugins compatible for Editor in 0.76 ms, found 1 plugins.
Preloading 0 native plugins for Editor in 0.00 ms.
Invoked RoslynAnalysisRunner static constructor.
RoslynAnalysisRunner will not be running.
RoslynAnalysisRunner has terminated.
Mono: successfully reloaded assembly
- Completed reload, in  4.720 seconds
Platform modules already initialized, skipping
Refreshing native plugins compatible for Editor in 1.07 ms, found 1 plugins.
Preloading 0 native plugins for Editor in 0.00 ms.
Unloading 1239 Unused Serialized files (Serialized files now loaded: 0)
System memory in use before: 132.9 MB.
System memory in use after: 133.0 MB.

Unloading 6 unused Assets to reduce memory usage. Loaded Objects now: 1760.
Total: 6.236118 ms (FindLiveObjects: 0.541040 ms CreateObjectMapping: 0.226037 ms MarkObjects: 5.319109 ms  DeleteObjects: 0.145255 ms)

========================================================================
Received Prepare
Registering precompiled user dll's ...
Registered in 0.001758 seconds.
Begin MonoManager ReloadAssembly
Native extension for OSXStandalone target not found
Refreshing native plugins compatible for Editor in 0.72 ms, found 1 plugins.
Preloading 0 native plugins for Editor in 0.00 ms.
Invoked RoslynAnalysisRunner static constructor.
RoslynAnalysisRunner will not be running.
RoslynAnalysisRunner has terminated.
Mono: successfully reloaded assembly
- Completed reload, in  4.601 seconds
Platform modules already initialized, skipping
Refreshing native plugins compatible for Editor in 0.70 ms, found 1 plugins.
Preloading 0 native plugins for Editor in 0.00 ms.
Unloading 1239 Unused Serialized files (Serialized files now loaded: 0)
System memory in use before: 133.1 MB.
System memory in use after: 133.2 MB.

Unloading 6 unused Assets to reduce memory usage. Loaded Objects now: 1762.
Total: 5.780565 ms (FindLiveObjects: 0.548111 ms CreateObjectMapping: 0.170178 ms MarkObjects: 4.897200 ms  DeleteObjects: 0.152016 ms)

========================================================================
Received Prepare
Registering precompiled user dll's ...
Registered in 0.001825 seconds.
Begin MonoManager ReloadAssembly
Native extension for OSXStandalone target not found
Refreshing native plugins compatible for Editor in 0.86 ms, found 1 plugins.
Preloading 0 native plugins for Editor in 0.00 ms.
Invoked RoslynAnalysisRunner static constructor.
RoslynAnalysisRunner will not be running.
RoslynAnalysisRunner has terminated.
Mono: successfully reloaded assembly
- Completed reload, in  6.059 seconds
Platform modules already initialized, skipping
Refreshing native plugins compatible for Editor in 0.68 ms, found 1 plugins.
Preloading 0 native plugins for Editor in 0.00 ms.
Unloading 1239 Unused Serialized files (Serialized files now loaded: 0)
System memory in use before: 133.3 MB.
System memory in use after: 133.4 MB.

Unloading 6 unused Assets to reduce memory usage. Loaded Objects now: 1764.
Total: 6.967702 ms (FindLiveObjects: 0.669346 ms CreateObjectMapping: 0.257836 ms MarkObjects: 5.878556 ms  DeleteObjects: 0.157388 ms)

========================================================================
Received Prepare
Registering precompiled user dll's ...
Registered in 0.001569 seconds.
Begin MonoManager ReloadAssembly
Native extension for OSXStandalone target not found
Refreshing native plugins compatible for Editor in 0.69 ms, found 1 plugins.
Preloading 0 native plugins for Editor in 0.00 ms.
Invoked RoslynAnalysisRunner static constructor.
RoslynAnalysisRunner will not be running.
RoslynAnalysisRunner has terminated.
Mono: successfully reloaded assembly
- Completed reload, in  4.513 seconds
Platform modules already initialized, skipping
Refreshing native plugins compatible for Editor in 0.71 ms, found 1 plugins.
Preloading 0 native plugins for Editor in 0.00 ms.
Unloading 1239 Unused Serialized files (Serialized files now loaded: 0)
System memory in use before: 133.5 MB.
System memory in use after: 133.5 MB.

Unloading 6 unused Assets to reduce memory usage. Loaded Objects now: 1766.
Total: 5.868850 ms (FindLiveObjects: 0.576637 ms CreateObjectMapping: 0.168259 ms MarkObjects: 4.972975 ms  DeleteObjects: 0.146699 ms)

========================================================================
Received Prepare
Registering precompiled user dll's ...
Registered in 0.001559 seconds.
Begin MonoManager ReloadAssembly
Native extension for OSXStandalone target not found
Refreshing native plugins compatible for Editor in 1.20 ms, found 1 plugins.
Preloading 0 native plugins for Editor in 0.00 ms.
Invoked RoslynAnalysisRunner static constructor.
RoslynAnalysisRunner will not be running.
RoslynAnalysisRunner has terminated.
Mono: successfully reloaded assembly
- Completed reload, in  4.764 seconds
Platform modules already initialized, skipping
Refreshing native plugins compatible for Editor in 0.68 ms, found 1 plugins.
Preloading 0 native plugins for Editor in 0.00 ms.
Unloading 1239 Unused Serialized files (Serialized files now loaded: 0)
System memory in use before: 133.6 MB.
System memory in use after: 133.7 MB.

Unloading 6 unused Assets to reduce memory usage. Loaded Objects now: 1768.
Total: 6.485929 ms (FindLiveObjects: 0.584850 ms CreateObjectMapping: 0.220774 ms MarkObjects: 5.520379 ms  DeleteObjects: 0.155449 ms)

========================================================================
Received Prepare
Registering precompiled user dll's ...
Registered in 0.001425 seconds.
Begin MonoManager ReloadAssembly
Native extension for OSXStandalone target not found
Refreshing native plugins compatible for Editor in 0.71 ms, found 1 plugins.
Preloading 0 native plugins for Editor in 0.00 ms.
Invoked RoslynAnalysisRunner static constructor.
RoslynAnalysisRunner will not be running.
RoslynAnalysisRunner has terminated.
Mono: successfully reloaded assembly
- Completed reload, in  4.896 seconds
Platform modules already initialized, skipping
Refreshing native plugins compatible for Editor in 0.68 ms, found 1 plugins.
Preloading 0 native plugins for Editor in 0.00 ms.
Unloading 1239 Unused Serialized files (Serialized files now loaded: 0)
System memory in use before: 133.8 MB.
System memory in use after: 133.9 MB.

Unloading 6 unused Assets to reduce memory usage. Loaded Objects now: 1770.
Total: 8.027755 ms (FindLiveObjects: 0.904800 ms CreateObjectMapping: 0.359029 ms MarkObjects: 6.592876 ms  DeleteObjects: 0.166394 ms)

========================================================================
Received Prepare
Registering precompiled user dll's ...
Registered in 0.001478 seconds.
Begin MonoManager ReloadAssembly
Native extension for OSXStandalone target not found
Refreshing native plugins compatible for Editor in 0.70 ms, found 1 plugins.
Preloading 0 native plugins for Editor in 0.00 ms.
Invoked RoslynAnalysisRunner static constructor.
RoslynAnalysisRunner will not be running.
RoslynAnalysisRunner has terminated.
Mono: successfully reloaded assembly
- Completed reload, in  4.478 seconds
Platform modules already initialized, skipping
Refreshing native plugins compatible for Editor in 0.70 ms, found 1 plugins.
Preloading 0 native plugins for Editor in 0.00 ms.
Unloading 1239 Unused Serialized files (Serialized files now loaded: 0)
System memory in use before: 134.0 MB.
System memory in use after: 134.0 MB.

Unloading 6 unused Assets to reduce memory usage. Loaded Objects now: 1772.
Total: 5.864133 ms (FindLiveObjects: 0.436083 ms CreateObjectMapping: 0.168359 ms MarkObjects: 5.100344 ms  DeleteObjects: 0.155138 ms)

